<?xml version="1.0" encoding="UTF-8"?>
<!-- Generated by org.testng.reporters.JUnitReportReporter -->
<testsuite hostname="DESKTOP-1EKAV2N" failures="0" tests="1" name="PageTest" time="21.033" errors="0" timestamp="2021-07-04T23:54:46 IST" skipped="0">
  <testcase classname="PageTest" name="testMethod" time="21.033"/>
  <system-out/>
</testsuite> <!-- PageTest -->
